<?xml version="1.0" encoding="UTF-8"?>
<!-- Generated by org.testng.reporters.JUnitXMLReporter -->
<testsuite hostname="DESKTOP-JCJ8HOK" ignored="1" name="Default test" tests="2" failures="0" timestamp="30 Jan 2023 01:40:41 GMT" time="0.101" errors="0">
  <testcase name="f" time="0.009" classname="testng.TNG_001"/>
  <testcase name="a" time="0.005" classname="testng.TNG_001"/>
  <testcase name="z" time="0.0" classname="testng.TNG_001">
    <ignored/>
  </testcase> <!-- z -->
</testsuite> <!-- Default test -->
