<?xml version="1.0" encoding="UTF-8"?>
<!-- Generated by org.testng.reporters.JUnitXMLReporter -->
<testsuite hostname="DESKTOP-JCJ8HOK" ignored="1" name="Test" tests="2" failures="0" timestamp="01 Feb 2023 01:51:20 GMT" time="27.293" errors="0">
  <testcase name="radioButtonTest" time="1.03" classname="testng.RadioButton1"/>
  <testcase name="checkboxTest" time="0.276" classname="testng.CheckBox1"/>
  <testcase name="linktesting1" time="0.0" classname="testng.LinksTesting1">
    <ignored/>
  </testcase> <!-- linktesting1 -->
</testsuite> <!-- Test -->
