<?xml version="1.0" encoding="UTF-8"?>
<!-- Generated by org.testng.reporters.JUnitXMLReporter -->
<testsuite hostname="DESKTOP-JCJ8HOK" ignored="5" name="Create Portifolio Test" tests="2" failures="2" timestamp="01 Mar 2023 02:12:51 GMT" time="24.869" errors="0">
  <testcase name="doLogin" time="23.371" classname="testcases.Session">
    <failure type="java.lang.AssertionError" message="The following asserts failed:
	Test is Incorrect">
      <![CDATA[java.lang.AssertionError: The following asserts failed:
Test is Incorrect
at keywords.GenericKeywords.assertAll(GenericKeywords.java:142)
at testcases.Session.doLogin(Session.java:23)
... Removed 26 stack frames]]>
    </failure>
  </testcase> <!-- doLogin -->
  <testcase name="createportifolio" time="0.004" classname="testcases.PortifolioManagement">
    <failure type="java.lang.AssertionError" message="The following asserts failed:
	Test is Incorrect,
	some non critical failure....">
      <![CDATA[java.lang.AssertionError: The following asserts failed:
Test is Incorrect,
some non critical failure....
at keywords.GenericKeywords.assertAll(GenericKeywords.java:142)
at testcases.PortifolioManagement.createportifolio(PortifolioManagement.java:13)
... Removed 26 stack frames]]>
    </failure>
  </testcase> <!-- createportifolio -->
  <testcase name="@BeforeTest beforeTest" time="0.0" classname="testcases.BaseTest">
    <ignored/>
  </testcase> <!-- @BeforeTest beforeTest -->
  <testcase name="@AfterTest quit" time="0.0" classname="testcases.BaseTest">
    <ignored/>
  </testcase> <!-- @AfterTest quit -->
  <testcase name="doLogOut" time="0.0" classname="testcases.Session">
    <ignored/>
  </testcase> <!-- doLogOut -->
  <testcase name="modifyportifolio" time="0.0" classname="testcases.PortifolioManagement">
    <ignored/>
  </testcase> <!-- modifyportifolio -->
  <testcase name="deleteportifolio" time="0.0" classname="testcases.PortifolioManagement">
    <ignored/>
  </testcase> <!-- deleteportifolio -->
</testsuite> <!-- Create Portifolio Test -->
