<?xml version="1.0" encoding="UTF-8"?>
<!-- Generated by org.testng.reporters.JUnitXMLReporter -->
<testsuite hostname="DESKTOP-JCJ8HOK" ignored="5" name="Create Portifolio Test" tests="2" failures="0" timestamp="28 Feb 2023 02:20:41 GMT" time="22.085" errors="0">
  <testcase name="doLogin" time="20.317" classname="testcases.Session"/>
  <testcase name="createportifolio" time="0.003" classname="testcases.PortifolioManagement"/>
  <testcase name="@BeforeTest beforeTest" time="0.0" classname="testcases.BaseTest">
    <ignored/>
  </testcase> <!-- @BeforeTest beforeTest -->
  <testcase name="@AfterTest quit" time="0.0" classname="testcases.BaseTest">
    <ignored/>
  </testcase> <!-- @AfterTest quit -->
  <testcase name="doLogOut" time="0.0" classname="testcases.Session">
    <ignored/>
  </testcase> <!-- doLogOut -->
  <testcase name="modifyportifolio" time="0.0" classname="testcases.PortifolioManagement">
    <ignored/>
  </testcase> <!-- modifyportifolio -->
  <testcase name="deleteportifolio" time="0.0" classname="testcases.PortifolioManagement">
    <ignored/>
  </testcase> <!-- deleteportifolio -->
</testsuite> <!-- Create Portifolio Test -->
