<?xml version="1.0" encoding="UTF-8"?>
<testng-results skipped="0" failed="0" ignored="5" total="7" passed="2">
  <reporter-output>
  </reporter-output>
  <suite name="Suite" duration-ms="88" started-at="2023-02-17T02:18:05Z" finished-at="2023-02-17T02:18:05Z">
    <groups>
    </groups>
    <test name="Create Portifolio Test" duration-ms="88" started-at="2023-02-17T02:18:05Z" finished-at="2023-02-17T02:18:05Z">
      <class name="testcases.PortifolioManagement">
        <test-method status="PASS" signature="createportifolio()[pri:0, instance:testcases.PortifolioManagement@5e3a8624]" name="createportifolio" duration-ms="7" started-at="2023-02-17T02:18:05Z" finished-at="2023-02-17T02:18:05Z">
          <reporter-output>
          </reporter-output>
        </test-method> <!-- createportifolio -->
      </class> <!-- testcases.PortifolioManagement -->
      <class name="testcases.Session">
        <test-method status="PASS" signature="startProcess()[pri:0, instance:testcases.Session@1bce4f0a]" name="startProcess" is-config="true" duration-ms="20" started-at="2023-02-17T02:18:05Z" finished-at="2023-02-17T02:18:05Z">
          <reporter-output>
          </reporter-output>
        </test-method> <!-- startProcess -->
        <test-method status="PASS" signature="doLogin()[pri:0, instance:testcases.Session@1bce4f0a]" name="doLogin" duration-ms="8" started-at="2023-02-17T02:18:05Z" finished-at="2023-02-17T02:18:05Z">
          <reporter-output>
          </reporter-output>
        </test-method> <!-- doLogin -->
        <test-method status="PASS" signature="endProcess()[pri:0, instance:testcases.Session@1bce4f0a]" name="endProcess" is-config="true" duration-ms="0" started-at="2023-02-17T02:18:05Z" finished-at="2023-02-17T02:18:05Z">
          <reporter-output>
          </reporter-output>
        </test-method> <!-- endProcess -->
      </class> <!-- testcases.Session -->
    </test> <!-- Create Portifolio Test -->
  </suite> <!-- Suite -->
</testng-results>
