<?xml version="1.0" encoding="UTF-8"?>
<!-- Generated by org.testng.reporters.JUnitXMLReporter -->
<testsuite hostname="DESKTOP-JCJ8HOK" ignored="2" name="Create New Booking Test" tests="6" failures="0" timestamp="08 Feb 2023 02:13:42 GMT" time="0.16" errors="0">
  <testcase name="newBooking" time="0.023" classname="testcases.Booking"/>
  <testcase name="typeOfRoom" time="0.008" classname="testcases.Booking"/>
  <testcase name="applyDiscount" time="0.006" classname="testcases.PaymentManager"/>
  <testcase name="makePayment" time="0.004" classname="testcases.PaymentManager"/>
  <testcase name="checkEmailVerification" time="0.006" classname="testcases.CustomerCommunication"/>
  <testcase name="checkMobileVerification" time="0.006" classname="testcases.CustomerCommunication"/>
  <testcase name="modifyBooking" time="0.0" classname="testcases.Booking">
    <ignored/>
  </testcase> <!-- modifyBooking -->
  <testcase name="cancekBooking" time="0.0" classname="testcases.Booking">
    <ignored/>
  </testcase> <!-- cancekBooking -->
</testsuite> <!-- Create New Booking Test -->
