<?xml version="1.0" encoding="UTF-8"?>
<!-- Generated by org.testng.reporters.JUnitXMLReporter -->
<testsuite hostname="DESKTOP-JCJ8HOK" ignored="2" name="Create New Booking Test - pay@hotel" tests="6" failures="0" timestamp="08 Feb 2023 02:29:26 GMT" time="0.132" errors="0">
  <testcase name="newBooking" time="0.026" classname="testcases.Booking"/>
  <testcase name="typeOfRoom" time="0.01" classname="testcases.Booking"/>
  <testcase name="applyDiscount" time="0.003" classname="testcases.PaymentManager"/>
  <testcase name="makePayment" time="0.006" classname="testcases.PaymentManager"/>
  <testcase name="checkEmailVerification" time="0.004" classname="testcases.CustomerCommunication"/>
  <testcase name="checkMobileVerification" time="0.005" classname="testcases.CustomerCommunication"/>
  <testcase name="modifyBooking" time="0.0" classname="testcases.Booking">
    <ignored/>
  </testcase> <!-- modifyBooking -->
  <testcase name="cancekBooking" time="0.0" classname="testcases.Booking">
    <ignored/>
  </testcase> <!-- cancekBooking -->
</testsuite> <!-- Create New Booking Test - pay@hotel -->
