<?xml version="1.0" encoding="UTF-8"?>
<!-- Generated by org.testng.reporters.JUnitXMLReporter -->
<testsuite hostname="DESKTOP-JCJ8HOK" ignored="0" name="Test" tests="8" failures="0" timestamp="08 Feb 2023 02:06:26 GMT" time="0.247" errors="0">
  <testcase name="cancekBooking" time="0.078" classname="testcases.Booking"/>
  <testcase name="modifyBooking" time="0.008" classname="testcases.Booking"/>
  <testcase name="newBoking" time="0.005" classname="testcases.Booking"/>
  <testcase name="typeOfRoom" time="0.004" classname="testcases.Booking"/>
  <testcase name="applyDiscount" time="0.007" classname="testcases.PaymentManager"/>
  <testcase name="makePayment" time="0.005" classname="testcases.PaymentManager"/>
  <testcase name="checkEmailVerification" time="0.003" classname="testcases.CustomerCommunication"/>
  <testcase name="checkMobileVerification" time="0.007" classname="testcases.CustomerCommunication"/>
</testsuite> <!-- Test -->
